Bad file: sub-CSI1/ses-01/func/sub-CSI1_ses-01_task-5000scenes_run-01_bold.nii.gz
== Repository: /mnt/btrfs/datasets/datalad/tmp/20260408-noversionid/ds001499

  Remote origin not usable by git-annex; setting annex-ignore

  https://github.com/OpenNeuroDatasets/ds001499.git/config download failed: Not Found
trusted repositories: 0
semitrusted repositories: 6
	00000000-0000-0000-0000-000000000001 -- web
	00000000-0000-0000-0000-000000000002 -- bittorrent
	29c5ea65-949e-48d9-920e-7ebf96d4fe7c -- [s3-PUBLIC]
	38a72518-b9f2-4577-a391-7a0300e0424f -- [s3-PRIVATE]
	79c043d6-ea4f-45ec-94d0-791047a6bba5 -- root@04f42044453f:/datalad/ds001499
	9c735ece-0df2-4fbe-8a0b-822fc8512046 -- yoh@smaug:/mnt/btrfs/datasets/datalad/tmp/20260408-noversionid/ds001499 [here]
untrusted repositories: 0
transfers in progress: none
available local disk space: 13.81 terabytes (+0 bytes reserved)
local annex keys: 0
local annex size: 0 bytes
annexed files in working tree: 9995
size of annexed files in working tree: 300.92 gigabytes
combined annex size of all repositories: 901.8 gigabytes
annex sizes of repositories: 
	300.9 GB: 29c5ea65-949e-48d9-920e-7ebf96d4fe7c -- [s3-PUBLIC]
	300.9 GB: 79c043d6-ea4f-45ec-94d0-791047a6bba5 -- root@04f42044453f:/datalad/ds001499
	  300 GB: 38a72518-b9f2-4577-a391-7a0300e0424f -- [s3-PRIVATE]
backend usage: 
	MD5E: 9995
bloom filter size: 32 mebibytes (0% full)
29c5ea65-949e-48d9-920e-7ebf96d4fe7c autoenable=true bucket=openneuro.org datacenter=US encryption=none exporttree=yes fileprefix=ds001499/ host=s3.amazonaws.com name=s3-PUBLIC partsize=1GiB port=80 public=yes publicurl=https://s3.amazonaws.com/openneuro.org storageclass=STANDARD type=S3 versioning=yes timestamp=1597694087.605435852s
whereis sub-CSI1/ses-01/func/sub-CSI1_ses-01_task-5000scenes_run-01_bold.nii.gz (3 copies) 
  	29c5ea65-949e-48d9-920e-7ebf96d4fe7c -- [s3-PUBLIC]
  	38a72518-b9f2-4577-a391-7a0300e0424f -- [s3-PRIVATE]
  	79c043d6-ea4f-45ec-94d0-791047a6bba5 -- root@04f42044453f:/datalad/ds001499
ok
---- Key before get
-- d10/57d/MD5E-s157271840--b933438350a83069177ba5e128969bf8.nii.gz.log:
1536696008.464245179s 1 29c5ea65-949e-48d9-920e-7ebf96d4fe7c
1536334067.978786267s 1 38a72518-b9f2-4577-a391-7a0300e0424f
1536323621.756658988s 1 79c043d6-ea4f-45ec-94d0-791047a6bba5
---- Let's fetch the beast
get sub-CSI1/ses-01/func/sub-CSI1_ses-01_task-5000scenes_run-01_bold.nii.gz (from s3-PRIVATE...) 
  Remote is configured to use versioning, but no S3 version ID is recorded for this key

  download failed: invalid url
(Delaying 1s before retrying....)

  Remote is configured to use versioning, but no S3 version ID is recorded for this key

  download failed: invalid url
(Delaying 2s before retrying....)

  Remote is configured to use versioning, but no S3 version ID is recorded for this key

  download failed: invalid url
(from s3-PUBLIC...) 
  Remote is configured to use versioning, but no S3 version ID is recorded for this key
(scanning for annexed files...)
ok
(recording state in git...)
---- Key after get
-- d10/57d/MD5E-s157271840--b933438350a83069177ba5e128969bf8.nii.gz.log:
1536696008.464245179s 1 29c5ea65-949e-48d9-920e-7ebf96d4fe7c
1536334067.978786267s 1 38a72518-b9f2-4577-a391-7a0300e0424f
1536323621.756658988s 1 79c043d6-ea4f-45ec-94d0-791047a6bba5
1775669615s 1 9c735ece-0df2-4fbe-8a0b-822fc8512046

Good file: derivatives/fmriprep/sub-CSI1/anat/sub-CSI1_T1w_preproc.nii.gz
== Repository: /mnt/btrfs/datasets/datalad/tmp/20260408-noversionid/ds001499
trusted repositories: 0
semitrusted repositories: 6
	00000000-0000-0000-0000-000000000001 -- web
	00000000-0000-0000-0000-000000000002 -- bittorrent
	29c5ea65-949e-48d9-920e-7ebf96d4fe7c -- [s3-PUBLIC]
	38a72518-b9f2-4577-a391-7a0300e0424f -- [s3-PRIVATE]
	79c043d6-ea4f-45ec-94d0-791047a6bba5 -- root@04f42044453f:/datalad/ds001499
	9c735ece-0df2-4fbe-8a0b-822fc8512046 -- yoh@smaug:/mnt/btrfs/datasets/datalad/tmp/20260408-noversionid/ds001499 [here]
untrusted repositories: 0
transfers in progress: none
available local disk space: 13.81 terabytes (+0 bytes reserved)
local annex keys: 1
local annex size: 157.27 megabytes
annexed files in working tree: 9995
size of annexed files in working tree: 300.92 gigabytes
combined annex size of all repositories: 901.96 gigabytes
annex sizes of repositories: 
	 300.9 GB: 29c5ea65-949e-48d9-920e-7ebf96d4fe7c -- [s3-PUBLIC]
	 300.9 GB: 79c043d6-ea4f-45ec-94d0-791047a6bba5 -- root@04f42044453f:/datalad/ds001499
	   300 GB: 38a72518-b9f2-4577-a391-7a0300e0424f -- [s3-PRIVATE]
	157.27 MB: 9c735ece-0df2-4fbe-8a0b-822fc8512046 -- yoh@smaug:/mnt/btrfs/datasets/datalad/tmp/20260408-noversionid/ds001499 [here]
backend usage: 
	MD5E: 9995
bloom filter size: 32 mebibytes (0% full)
29c5ea65-949e-48d9-920e-7ebf96d4fe7c autoenable=true bucket=openneuro.org datacenter=US encryption=none exporttree=yes fileprefix=ds001499/ host=s3.amazonaws.com name=s3-PUBLIC partsize=1GiB port=80 public=yes publicurl=https://s3.amazonaws.com/openneuro.org storageclass=STANDARD type=S3 versioning=yes timestamp=1597694087.605435852s
whereis derivatives/fmriprep/sub-CSI1/anat/sub-CSI1_T1w_preproc.nii.gz (2 copies) 
  	29c5ea65-949e-48d9-920e-7ebf96d4fe7c -- [s3-PUBLIC]
  	79c043d6-ea4f-45ec-94d0-791047a6bba5 -- root@04f42044453f:/datalad/ds001499

  s3-PUBLIC: https://s3.amazonaws.com/openneuro.org/ds001499/derivatives/fmriprep/sub-CSI1/anat/sub-CSI1_T1w_preproc.nii.gz?versionId=.9EqWOGtwyKH4Cm93VKRt4Ijo.xahbV_
  s3-PUBLIC: https://s3.amazonaws.com/openneuro.org/ds001499/derivatives/fmriprep/sub-CSI1/anat/sub-CSI1_T1w_preproc.nii.gz?versionId=Vu3BLYvh6ZRgy4fKOlfdKJg0EBKST1p7
  s3-PUBLIC: https://s3.amazonaws.com/openneuro.org/ds001499/derivatives/fmriprep/sub-CSI1/anat/sub-CSI1_T1w_preproc.nii.gz?versionId=YphXx57IDxXzNF_SBMsz3cYdCxYt6Exr
ok
---- Key before get
-- 3e3/eaf/MD5E-s30935082--4aa63c2515082596116f025fe6016c88.nii.gz.log:
1545897114.313681069s 1 29c5ea65-949e-48d9-920e-7ebf96d4fe7c
1545343245.65008392s 1 79c043d6-ea4f-45ec-94d0-791047a6bba5
-- 3e3/eaf/MD5E-s30935082--4aa63c2515082596116f025fe6016c88.nii.gz.log.rmet:
1545897114.311918351s 29c5ea65-949e-48d9-920e-7ebf96d4fe7c:V +Vu3BLYvh6ZRgy4fKOlfdKJg0EBKST1p7#ds001499/derivatives/fmriprep/sub-CSI1/anat/sub-CSI1_T1w_preproc.nii.gz
1547048540.442058767s 29c5ea65-949e-48d9-920e-7ebf96d4fe7c:V +YphXx57IDxXzNF_SBMsz3cYdCxYt6Exr#ds001499/derivatives/fmriprep/sub-CSI1/anat/sub-CSI1_T1w_preproc.nii.gz
1594676581.938492261s 29c5ea65-949e-48d9-920e-7ebf96d4fe7c:V +.9EqWOGtwyKH4Cm93VKRt4Ijo.xahbV_#ds001499/derivatives/fmriprep/sub-CSI1/anat/sub-CSI1_T1w_preproc.nii.gz
---- Let's fetch the beast
get derivatives/fmriprep/sub-CSI1/anat/sub-CSI1_T1w_preproc.nii.gz (from s3-PUBLIC...) ok
(recording state in git...)
---- Key after get
-- 3e3/eaf/MD5E-s30935082--4aa63c2515082596116f025fe6016c88.nii.gz.log:
1545897114.313681069s 1 29c5ea65-949e-48d9-920e-7ebf96d4fe7c
1545343245.65008392s 1 79c043d6-ea4f-45ec-94d0-791047a6bba5
1775669620s 1 9c735ece-0df2-4fbe-8a0b-822fc8512046
-- 3e3/eaf/MD5E-s30935082--4aa63c2515082596116f025fe6016c88.nii.gz.log.rmet:
1545897114.311918351s 29c5ea65-949e-48d9-920e-7ebf96d4fe7c:V +Vu3BLYvh6ZRgy4fKOlfdKJg0EBKST1p7#ds001499/derivatives/fmriprep/sub-CSI1/anat/sub-CSI1_T1w_preproc.nii.gz
1547048540.442058767s 29c5ea65-949e-48d9-920e-7ebf96d4fe7c:V +YphXx57IDxXzNF_SBMsz3cYdCxYt6Exr#ds001499/derivatives/fmriprep/sub-CSI1/anat/sub-CSI1_T1w_preproc.nii.gz
1594676581.938492261s 29c5ea65-949e-48d9-920e-7ebf96d4fe7c:V +.9EqWOGtwyKH4Cm93VKRt4Ijo.xahbV_#ds001499/derivatives/fmriprep/sub-CSI1/anat/sub-CSI1_T1w_preproc.nii.gz

